<?xml version="1.0" encoding="UTF-8"?>
<!-- Generated by org.testng.reporters.JUnitXMLReporter -->
<testsuite hostname="DESKTOP-SR53NA6" ignored="0" name="Default test" tests="3" failures="0" timestamp="25 Mar 2020 12:57:56 GMT" time="16.612" errors="0">
  <testcase name="linksTest" time="1.89" classname="Tests.PetStoreMenuTest"/>
  <testcase name="menuContentTest" time="1.794" classname="Tests.PetStoreMenuTest"/>
  <testcase name="leftSideNavTest" time="3.221" classname="Tests.PetStoreMenuTest"/>
</testsuite> <!-- Default test -->
