<?xml version="1.0" encoding="UTF-8"?>
<testng-results skipped="0" failed="0" ignored="0" total="3" passed="3">
  <reporter-output>
  </reporter-output>
  <suite name="Default suite" duration-ms="16612" started-at="2020-03-25T12:57:39Z" finished-at="2020-03-25T12:57:56Z">
    <groups>
    </groups>
    <test name="Default test" duration-ms="16612" started-at="2020-03-25T12:57:39Z" finished-at="2020-03-25T12:57:56Z">
      <class name="Tests.PetStoreMenuTest">
        <test-method status="PASS" signature="setup()[pri:0, instance:Tests.PetStoreMenuTest@5419f379]" name="setup" is-config="true" duration-ms="9653" started-at="2020-03-25T12:57:39Z" finished-at="2020-03-25T12:57:49Z">
          <reporter-output>
          </reporter-output>
        </test-method> <!-- setup -->
        <test-method status="PASS" signature="linksTest()[pri:1, instance:Tests.PetStoreMenuTest@5419f379]" name="linksTest" duration-ms="1890" started-at="2020-03-25T12:57:49Z" finished-at="2020-03-25T12:57:51Z">
          <reporter-output>
          </reporter-output>
        </test-method> <!-- linksTest -->
        <test-method status="PASS" signature="menuContentTest()[pri:2, instance:Tests.PetStoreMenuTest@5419f379]" name="menuContentTest" duration-ms="1794" started-at="2020-03-25T12:57:51Z" finished-at="2020-03-25T12:57:52Z">
          <reporter-output>
          </reporter-output>
        </test-method> <!-- menuContentTest -->
        <test-method status="PASS" signature="leftSideNavTest()[pri:3, instance:Tests.PetStoreMenuTest@5419f379]" name="leftSideNavTest" duration-ms="3221" started-at="2020-03-25T12:57:52Z" finished-at="2020-03-25T12:57:56Z">
          <reporter-output>
          </reporter-output>
        </test-method> <!-- leftSideNavTest -->
        <test-method status="PASS" signature="afterClass()[pri:0, instance:Tests.PetStoreMenuTest@5419f379]" name="afterClass" is-config="true" duration-ms="40" started-at="2020-03-25T12:57:56Z" finished-at="2020-03-25T12:57:56Z">
          <reporter-output>
          </reporter-output>
        </test-method> <!-- afterClass -->
      </class> <!-- Tests.PetStoreMenuTest -->
    </test> <!-- Default test -->
  </suite> <!-- Default suite -->
</testng-results>
